#
# There is insufficient memory for the Java Runtime Environment to continue.
# Native memory allocation (malloc) failed to allocate 120176 bytes for Chunk::new
# Possible reasons:
#   The system is out of physical RAM or swap space
#   The process is running with CompressedOops enabled, and the Java Heap may be blocking the growth of the native heap
# Possible solutions:
#   Reduce memory load on the system
#   Increase physical memory or swap space
#   Check if swap backing store is full
#   Decrease Java heap size (-Xmx/-Xms)
#   Decrease number of Java threads
#   Decrease Java thread stack sizes (-Xss)
#   Set larger code cache with -XX:ReservedCodeCacheSize=
#   JVM is running with Unscaled Compressed Oops mode in which the Java heap is
#     placed in the first 4GB address space. The Java Heap base address is the
#     maximum limit for the native heap growth. Please use -XX:HeapBaseMinAddress
#     to set the Java Heap base and to place the Java Heap above 4GB virtual address.
# This output file may be truncated or incomplete.
#
#  Out of Memory Error (arena.cpp:191), pid=16840, tid=15656
#
# JRE version: OpenJDK Runtime Environment Temurin-17.0.9+9 (17.0.9+9) (build 17.0.9+9)
# Java VM: OpenJDK 64-Bit Server VM Temurin-17.0.9+9 (17.0.9+9, mixed mode, sharing, tiered, compressed oops, compressed class ptrs, g1 gc, windows-amd64)
# No core dump will be written. Minidumps are not enabled by default on client versions of Windows
#

---------------  S U M M A R Y ------------

Command Line: -Dcom.android.sdkmanager.toolsdir=D:\Unity Hub\Editor\6000.0.24f1\Editor\Data\PlaybackEngines\AndroidPlayer\SDK\cmdline-tools\6.0\bin\\.. com.android.sdklib.tool.AvdManagerCli list target -c

Host: AMD Ryzen 5 4600H with Radeon Graphics         , 12 cores, 7G,  Windows 11 , 64 bit Build 26100 (10.0.26100.3775)
Time: Wed Apr 30 10:08:09 2025 Türkiye Standart Saati elapsed time: 1.040877 seconds (0d 0h 0m 1s)

---------------  T H R E A D  ---------------

Current thread (0x0000024e1b6db9b0):  JavaThread "C2 CompilerThread1" daemon [_thread_in_native, id=15656, stack(0x000000892d800000,0x000000892d900000)]


Current CompileTask:
C2:   1041  627   !   4       java.util.zip.ZipFile$Source::getEntryPos (173 bytes)

Stack: [0x000000892d800000,0x000000892d900000]
Native frames: (J=compiled Java code, j=interpreted, Vv=VM code, C=native code)
V  [jvm.dll+0x67cf49]
V  [jvm.dll+0x83478a]
V  [jvm.dll+0x83624e]
V  [jvm.dll+0x8368b3]
V  [jvm.dll+0x247f1f]
V  [jvm.dll+0xac43c]
V  [jvm.dll+0xaca8c]
V  [jvm.dll+0x367012]
V  [jvm.dll+0x3313ba]
V  [jvm.dll+0x33085a]
V  [jvm.dll+0x21a5b1]
V  [jvm.dll+0x2199d1]
V  [jvm.dll+0x1a57cd]
V  [jvm.dll+0x2297ae]
V  [jvm.dll+0x22797c]
V  [jvm.dll+0x7e9877]
V  [jvm.dll+0x7e3c3a]
V  [jvm.dll+0x67be35]
C  [ucrtbase.dll+0x37b0]
C  [KERNEL32.DLL+0x2e8d7]
C  [ntdll.dll+0xb14fc]


---------------  P R O C E S S  ---------------

Threads class SMR info:
_java_thread_list=0x0000024e1ba45770, length=13, elements={
0x0000024e7ce15fc0, 0x0000024e1b161790, 0x0000024e1b163160, 0x0000024e1b17d1f0,
0x0000024e1b17dbb0, 0x0000024e1b17e570, 0x0000024e1b1816e0, 0x0000024e1b3d0c10,
0x0000024e1b1820a0, 0x0000024e1b186920, 0x0000024e1b505750, 0x0000024e1b50ccb0,
0x0000024e1b6db9b0
}

Java Threads: ( => current thread )
  0x0000024e7ce15fc0 JavaThread "main" [_thread_in_Java, id=23080, stack(0x000000892c500000,0x000000892c600000)]
  0x0000024e1b161790 JavaThread "Reference Handler" daemon [_thread_blocked, id=6288, stack(0x000000892cc00000,0x000000892cd00000)]
  0x0000024e1b163160 JavaThread "Finalizer" daemon [_thread_blocked, id=25036, stack(0x000000892cd00000,0x000000892ce00000)]
  0x0000024e1b17d1f0 JavaThread "Signal Dispatcher" daemon [_thread_blocked, id=27512, stack(0x000000892ce00000,0x000000892cf00000)]
  0x0000024e1b17dbb0 JavaThread "Attach Listener" daemon [_thread_blocked, id=27192, stack(0x000000892cf00000,0x000000892d000000)]
  0x0000024e1b17e570 JavaThread "Service Thread" daemon [_thread_blocked, id=27524, stack(0x000000892d000000,0x000000892d100000)]
  0x0000024e1b1816e0 JavaThread "Monitor Deflation Thread" daemon [_thread_blocked, id=14256, stack(0x000000892d100000,0x000000892d200000)]
  0x0000024e1b3d0c10 JavaThread "C2 CompilerThread0" daemon [_thread_in_native, id=11532, stack(0x000000892d200000,0x000000892d300000)]
  0x0000024e1b1820a0 JavaThread "C1 CompilerThread0" daemon [_thread_in_native, id=26396, stack(0x000000892d300000,0x000000892d400000)]
  0x0000024e1b186920 JavaThread "Sweeper thread" daemon [_thread_blocked, id=24088, stack(0x000000892d400000,0x000000892d500000)]
  0x0000024e1b505750 JavaThread "Notification Thread" daemon [_thread_blocked, id=7284, stack(0x000000892d500000,0x000000892d600000)]
  0x0000024e1b50ccb0 JavaThread "Common-Cleaner" daemon [_thread_blocked, id=14408, stack(0x000000892d700000,0x000000892d800000)]
=>0x0000024e1b6db9b0 JavaThread "C2 CompilerThread1" daemon [_thread_in_native, id=15656, stack(0x000000892d800000,0x000000892d900000)]

Other Threads:
  0x0000024e1b15c630 VMThread "VM Thread" [stack: 0x000000892cb00000,0x000000892cc00000] [id=26848]
  0x0000024e1b508450 WatcherThread [stack: 0x000000892d600000,0x000000892d700000] [id=23540]
  0x0000024e7ce6f8d0 GCTaskThread "GC Thread#0" [stack: 0x000000892c600000,0x000000892c700000] [id=26456]
  0x0000024e7ce7f700 ConcurrentGCThread "G1 Main Marker" [stack: 0x000000892c700000,0x000000892c800000] [id=26424]
  0x0000024e7ce822e0 ConcurrentGCThread "G1 Conc#0" [stack: 0x000000892c800000,0x000000892c900000] [id=26140]
  0x0000024e7cebdba0 ConcurrentGCThread "G1 Refine#0" [stack: 0x000000892c900000,0x000000892ca00000] [id=23512]
  0x0000024e1b01b9d0 ConcurrentGCThread "G1 Service" [stack: 0x000000892ca00000,0x000000892cb00000] [id=25340]

Threads with active compile tasks:
C2 CompilerThread0     1143  620  s!   4       jdk.internal.loader.URLClassPath::getLoader (194 bytes)
C1 CompilerThread0     1143  721       3       jdk.internal.org.objectweb.asm.Frame::accept (264 bytes)
C2 CompilerThread1     1144  627   !   4       java.util.zip.ZipFile$Source::getEntryPos (173 bytes)

VM state: not at safepoint (normal execution)

VM Mutex/Monitor currently owned by a thread: None

Heap address: 0x0000000089400000, size: 1900 MB, Compressed Oops mode: 32-bit

CDS archive(s) mapped at: [0x0000024e1c000000-0x0000024e1cba0000-0x0000024e1cba0000), size 12189696, SharedBaseAddress: 0x0000024e1c000000, ArchiveRelocationMode: 1.
Compressed class space mapped at: 0x0000024e1d000000-0x0000024e5d000000, reserved size: 1073741824
Narrow klass base: 0x0000024e1c000000, Narrow klass shift: 0, Narrow klass range: 0x100000000

GC Precious Log:
 CPUs: 12 total, 12 available
 Memory: 7599M
 Large Page Support: Disabled
 NUMA Support: Disabled
 Compressed Oops: Enabled (32-bit)
 Heap Region Size: 1M
 Heap Min Capacity: 8M
 Heap Initial Capacity: 120M
 Heap Max Capacity: 1900M
 Pre-touch: Disabled
 Parallel Workers: 10
 Concurrent Workers: 3
 Concurrent Refinement Workers: 10
 Periodic GC: Disabled

Heap:
 garbage-first heap   total 122880K, used 15360K [0x0000000089400000, 0x0000000100000000)
  region size 1024K, 16 young (16384K), 0 survivors (0K)
 Metaspace       used 5407K, committed 5504K, reserved 1114112K
  class space    used 588K, committed 640K, reserved 1048576K

Heap Regions: E=young(eden), S=young(survivor), O=old, HS=humongous(starts), HC=humongous(continues), CS=collection set, F=free, OA=open archive, CA=closed archive, TAMS=top-at-mark-start (previous, next)
|   0|0x0000000089400000, 0x0000000089500000, 0x0000000089500000|100%|HS|  |TAMS 0x0000000089400000, 0x0000000089400000| Complete 
|   1|0x0000000089500000, 0x0000000089500000, 0x0000000089600000|  0%| F|  |TAMS 0x0000000089500000, 0x0000000089500000| Untracked 
|   2|0x0000000089600000, 0x0000000089600000, 0x0000000089700000|  0%| F|  |TAMS 0x0000000089600000, 0x0000000089600000| Untracked 
|   3|0x0000000089700000, 0x0000000089700000, 0x0000000089800000|  0%| F|  |TAMS 0x0000000089700000, 0x0000000089700000| Untracked 
|   4|0x0000000089800000, 0x0000000089800000, 0x0000000089900000|  0%| F|  |TAMS 0x0000000089800000, 0x0000000089800000| Untracked 
|   5|0x0000000089900000, 0x0000000089900000, 0x0000000089a00000|  0%| F|  |TAMS 0x0000000089900000, 0x0000000089900000| Untracked 
|   6|0x0000000089a00000, 0x0000000089a00000, 0x0000000089b00000|  0%| F|  |TAMS 0x0000000089a00000, 0x0000000089a00000| Untracked 
|   7|0x0000000089b00000, 0x0000000089b00000, 0x0000000089c00000|  0%| F|  |TAMS 0x0000000089b00000, 0x0000000089b00000| Untracked 
|   8|0x0000000089c00000, 0x0000000089c00000, 0x0000000089d00000|  0%| F|  |TAMS 0x0000000089c00000, 0x0000000089c00000| Untracked 
|   9|0x0000000089d00000, 0x0000000089d00000, 0x0000000089e00000|  0%| F|  |TAMS 0x0000000089d00000, 0x0000000089d00000| Untracked 
|  10|0x0000000089e00000, 0x0000000089e00000, 0x0000000089f00000|  0%| F|  |TAMS 0x0000000089e00000, 0x0000000089e00000| Untracked 
|  11|0x0000000089f00000, 0x0000000089f00000, 0x000000008a000000|  0%| F|  |TAMS 0x0000000089f00000, 0x0000000089f00000| Untracked 
|  12|0x000000008a000000, 0x000000008a000000, 0x000000008a100000|  0%| F|  |TAMS 0x000000008a000000, 0x000000008a000000| Untracked 
|  13|0x000000008a100000, 0x000000008a100000, 0x000000008a200000|  0%| F|  |TAMS 0x000000008a100000, 0x000000008a100000| Untracked 
|  14|0x000000008a200000, 0x000000008a200000, 0x000000008a300000|  0%| F|  |TAMS 0x000000008a200000, 0x000000008a200000| Untracked 
|  15|0x000000008a300000, 0x000000008a300000, 0x000000008a400000|  0%| F|  |TAMS 0x000000008a300000, 0x000000008a300000| Untracked 
|  16|0x000000008a400000, 0x000000008a400000, 0x000000008a500000|  0%| F|  |TAMS 0x000000008a400000, 0x000000008a400000| Untracked 
|  17|0x000000008a500000, 0x000000008a500000, 0x000000008a600000|  0%| F|  |TAMS 0x000000008a500000, 0x000000008a500000| Untracked 
|  18|0x000000008a600000, 0x000000008a600000, 0x000000008a700000|  0%| F|  |TAMS 0x000000008a600000, 0x000000008a600000| Untracked 
|  19|0x000000008a700000, 0x000000008a700000, 0x000000008a800000|  0%| F|  |TAMS 0x000000008a700000, 0x000000008a700000| Untracked 
|  20|0x000000008a800000, 0x000000008a800000, 0x000000008a900000|  0%| F|  |TAMS 0x000000008a800000, 0x000000008a800000| Untracked 
|  21|0x000000008a900000, 0x000000008a900000, 0x000000008aa00000|  0%| F|  |TAMS 0x000000008a900000, 0x000000008a900000| Untracked 
|  22|0x000000008aa00000, 0x000000008aa00000, 0x000000008ab00000|  0%| F|  |TAMS 0x000000008aa00000, 0x000000008aa00000| Untracked 
|  23|0x000000008ab00000, 0x000000008ab00000, 0x000000008ac00000|  0%| F|  |TAMS 0x000000008ab00000, 0x000000008ab00000| Untracked 
|  24|0x000000008ac00000, 0x000000008ac00000, 0x000000008ad00000|  0%| F|  |TAMS 0x000000008ac00000, 0x000000008ac00000| Untracked 
|  25|0x000000008ad00000, 0x000000008ad00000, 0x000000008ae00000|  0%| F|  |TAMS 0x000000008ad00000, 0x000000008ad00000| Untracked 
|  26|0x000000008ae00000, 0x000000008ae00000, 0x000000008af00000|  0%| F|  |TAMS 0x000000008ae00000, 0x000000008ae00000| Untracked 
|  27|0x000000008af00000, 0x000000008af00000, 0x000000008b000000|  0%| F|  |TAMS 0x000000008af00000, 0x000000008af00000| Untracked 
|  28|0x000000008b000000, 0x000000008b000000, 0x000000008b100000|  0%| F|  |TAMS 0x000000008b000000, 0x000000008b000000| Untracked 
|  29|0x000000008b100000, 0x000000008b100000, 0x000000008b200000|  0%| F|  |TAMS 0x000000008b100000, 0x000000008b100000| Untracked 
|  30|0x000000008b200000, 0x000000008b200000, 0x000000008b300000|  0%| F|  |TAMS 0x000000008b200000, 0x000000008b200000| Untracked 
|  31|0x000000008b300000, 0x000000008b300000, 0x000000008b400000|  0%| F|  |TAMS 0x000000008b300000, 0x000000008b300000| Untracked 
|  32|0x000000008b400000, 0x000000008b400000, 0x000000008b500000|  0%| F|  |TAMS 0x000000008b400000, 0x000000008b400000| Untracked 
|  33|0x000000008b500000, 0x000000008b500000, 0x000000008b600000|  0%| F|  |TAMS 0x000000008b500000, 0x000000008b500000| Untracked 
|  34|0x000000008b600000, 0x000000008b600000, 0x000000008b700000|  0%| F|  |TAMS 0x000000008b600000, 0x000000008b600000| Untracked 
|  35|0x000000008b700000, 0x000000008b700000, 0x000000008b800000|  0%| F|  |TAMS 0x000000008b700000, 0x000000008b700000| Untracked 
|  36|0x000000008b800000, 0x000000008b800000, 0x000000008b900000|  0%| F|  |TAMS 0x000000008b800000, 0x000000008b800000| Untracked 
|  37|0x000000008b900000, 0x000000008b900000, 0x000000008ba00000|  0%| F|  |TAMS 0x000000008b900000, 0x000000008b900000| Untracked 
|  38|0x000000008ba00000, 0x000000008ba00000, 0x000000008bb00000|  0%| F|  |TAMS 0x000000008ba00000, 0x000000008ba00000| Untracked 
|  39|0x000000008bb00000, 0x000000008bb00000, 0x000000008bc00000|  0%| F|  |TAMS 0x000000008bb00000, 0x000000008bb00000| Untracked 
|  40|0x000000008bc00000, 0x000000008bc00000, 0x000000008bd00000|  0%| F|  |TAMS 0x000000008bc00000, 0x000000008bc00000| Untracked 
|  41|0x000000008bd00000, 0x000000008bd00000, 0x000000008be00000|  0%| F|  |TAMS 0x000000008bd00000, 0x000000008bd00000| Untracked 
|  42|0x000000008be00000, 0x000000008be00000, 0x000000008bf00000|  0%| F|  |TAMS 0x000000008be00000, 0x000000008be00000| Untracked 
|  43|0x000000008bf00000, 0x000000008bf00000, 0x000000008c000000|  0%| F|  |TAMS 0x000000008bf00000, 0x000000008bf00000| Untracked 
|  44|0x000000008c000000, 0x000000008c000000, 0x000000008c100000|  0%| F|  |TAMS 0x000000008c000000, 0x000000008c000000| Untracked 
|  45|0x000000008c100000, 0x000000008c100000, 0x000000008c200000|  0%| F|  |TAMS 0x000000008c100000, 0x000000008c100000| Untracked 
|  46|0x000000008c200000, 0x000000008c200000, 0x000000008c300000|  0%| F|  |TAMS 0x000000008c200000, 0x000000008c200000| Untracked 
|  47|0x000000008c300000, 0x000000008c300000, 0x000000008c400000|  0%| F|  |TAMS 0x000000008c300000, 0x000000008c300000| Untracked 
|  48|0x000000008c400000, 0x000000008c400000, 0x000000008c500000|  0%| F|  |TAMS 0x000000008c400000, 0x000000008c400000| Untracked 
|  49|0x000000008c500000, 0x000000008c500000, 0x000000008c600000|  0%| F|  |TAMS 0x000000008c500000, 0x000000008c500000| Untracked 
|  50|0x000000008c600000, 0x000000008c600000, 0x000000008c700000|  0%| F|  |TAMS 0x000000008c600000, 0x000000008c600000| Untracked 
|  51|0x000000008c700000, 0x000000008c700000, 0x000000008c800000|  0%| F|  |TAMS 0x000000008c700000, 0x000000008c700000| Untracked 
|  52|0x000000008c800000, 0x000000008c800000, 0x000000008c900000|  0%| F|  |TAMS 0x000000008c800000, 0x000000008c800000| Untracked 
|  53|0x000000008c900000, 0x000000008c900000, 0x000000008ca00000|  0%| F|  |TAMS 0x000000008c900000, 0x000000008c900000| Untracked 
|  54|0x000000008ca00000, 0x000000008ca00000, 0x000000008cb00000|  0%| F|  |TAMS 0x000000008ca00000, 0x000000008ca00000| Untracked 
|  55|0x000000008cb00000, 0x000000008cb00000, 0x000000008cc00000|  0%| F|  |TAMS 0x000000008cb00000, 0x000000008cb00000| Untracked 
|  56|0x000000008cc00000, 0x000000008cc00000, 0x000000008cd00000|  0%| F|  |TAMS 0x000000008cc00000, 0x000000008cc00000| Untracked 
|  57|0x000000008cd00000, 0x000000008cd00000, 0x000000008ce00000|  0%| F|  |TAMS 0x000000008cd00000, 0x000000008cd00000| Untracked 
|  58|0x000000008ce00000, 0x000000008ce00000, 0x000000008cf00000|  0%| F|  |TAMS 0x000000008ce00000, 0x000000008ce00000| Untracked 
|  59|0x000000008cf00000, 0x000000008cf00000, 0x000000008d000000|  0%| F|  |TAMS 0x000000008cf00000, 0x000000008cf00000| Untracked 
|  60|0x000000008d000000, 0x000000008d000000, 0x000000008d100000|  0%| F|  |TAMS 0x000000008d000000, 0x000000008d000000| Untracked 
|  61|0x000000008d100000, 0x000000008d100000, 0x000000008d200000|  0%| F|  |TAMS 0x000000008d100000, 0x000000008d100000| Untracked 
|  62|0x000000008d200000, 0x000000008d200000, 0x000000008d300000|  0%| F|  |TAMS 0x000000008d200000, 0x000000008d200000| Untracked 
|  63|0x000000008d300000, 0x000000008d300000, 0x000000008d400000|  0%| F|  |TAMS 0x000000008d300000, 0x000000008d300000| Untracked 
|  64|0x000000008d400000, 0x000000008d400000, 0x000000008d500000|  0%| F|  |TAMS 0x000000008d400000, 0x000000008d400000| Untracked 
|  65|0x000000008d500000, 0x000000008d500000, 0x000000008d600000|  0%| F|  |TAMS 0x000000008d500000, 0x000000008d500000| Untracked 
|  66|0x000000008d600000, 0x000000008d600000, 0x000000008d700000|  0%| F|  |TAMS 0x000000008d600000, 0x000000008d600000| Untracked 
|  67|0x000000008d700000, 0x000000008d700000, 0x000000008d800000|  0%| F|  |TAMS 0x000000008d700000, 0x000000008d700000| Untracked 
|  68|0x000000008d800000, 0x000000008d800000, 0x000000008d900000|  0%| F|  |TAMS 0x000000008d800000, 0x000000008d800000| Untracked 
|  69|0x000000008d900000, 0x000000008d900000, 0x000000008da00000|  0%| F|  |TAMS 0x000000008d900000, 0x000000008d900000| Untracked 
|  70|0x000000008da00000, 0x000000008da00000, 0x000000008db00000|  0%| F|  |TAMS 0x000000008da00000, 0x000000008da00000| Untracked 
|  71|0x000000008db00000, 0x000000008db00000, 0x000000008dc00000|  0%| F|  |TAMS 0x000000008db00000, 0x000000008db00000| Untracked 
|  72|0x000000008dc00000, 0x000000008dc00000, 0x000000008dd00000|  0%| F|  |TAMS 0x000000008dc00000, 0x000000008dc00000| Untracked 
|  73|0x000000008dd00000, 0x000000008dd00000, 0x000000008de00000|  0%| F|  |TAMS 0x000000008dd00000, 0x000000008dd00000| Untracked 
|  74|0x000000008de00000, 0x000000008de00000, 0x000000008df00000|  0%| F|  |TAMS 0x000000008de00000, 0x000000008de00000| Untracked 
|  75|0x000000008df00000, 0x000000008df00000, 0x000000008e000000|  0%| F|  |TAMS 0x000000008df00000, 0x000000008df00000| Untracked 
|  76|0x000000008e000000, 0x000000008e000000, 0x000000008e100000|  0%| F|  |TAMS 0x000000008e000000, 0x000000008e000000| Untracked 
|  77|0x000000008e100000, 0x000000008e100000, 0x000000008e200000|  0%| F|  |TAMS 0x000000008e100000, 0x000000008e100000| Untracked 
|  78|0x000000008e200000, 0x000000008e200000, 0x000000008e300000|  0%| F|  |TAMS 0x000000008e200000, 0x000000008e200000| Untracked 
|  79|0x000000008e300000, 0x000000008e300000, 0x000000008e400000|  0%| F|  |TAMS 0x000000008e300000, 0x000000008e300000| Untracked 
|  80|0x000000008e400000, 0x000000008e400000, 0x000000008e500000|  0%| F|  |TAMS 0x000000008e400000, 0x000000008e400000| Untracked 
|  81|0x000000008e500000, 0x000000008e500000, 0x000000008e600000|  0%| F|  |TAMS 0x000000008e500000, 0x000000008e500000| Untracked 
|  82|0x000000008e600000, 0x000000008e600000, 0x000000008e700000|  0%| F|  |TAMS 0x000000008e600000, 0x000000008e600000| Untracked 
|  83|0x000000008e700000, 0x000000008e700000, 0x000000008e800000|  0%| F|  |TAMS 0x000000008e700000, 0x000000008e700000| Untracked 
|  84|0x000000008e800000, 0x000000008e800000, 0x000000008e900000|  0%| F|  |TAMS 0x000000008e800000, 0x000000008e800000| Untracked 
|  85|0x000000008e900000, 0x000000008e900000, 0x000000008ea00000|  0%| F|  |TAMS 0x000000008e900000, 0x000000008e900000| Untracked 
|  86|0x000000008ea00000, 0x000000008ea00000, 0x000000008eb00000|  0%| F|  |TAMS 0x000000008ea00000, 0x000000008ea00000| Untracked 
|  87|0x000000008eb00000, 0x000000008eb00000, 0x000000008ec00000|  0%| F|  |TAMS 0x000000008eb00000, 0x000000008eb00000| Untracked 
|  88|0x000000008ec00000, 0x000000008ec00000, 0x000000008ed00000|  0%| F|  |TAMS 0x000000008ec00000, 0x000000008ec00000| Untracked 
|  89|0x000000008ed00000, 0x000000008ed00000, 0x000000008ee00000|  0%| F|  |TAMS 0x000000008ed00000, 0x000000008ed00000| Untracked 
|  90|0x000000008ee00000, 0x000000008ee00000, 0x000000008ef00000|  0%| F|  |TAMS 0x000000008ee00000, 0x000000008ee00000| Untracked 
|  91|0x000000008ef00000, 0x000000008ef00000, 0x000000008f000000|  0%| F|  |TAMS 0x000000008ef00000, 0x000000008ef00000| Untracked 
|  92|0x000000008f000000, 0x000000008f000000, 0x000000008f100000|  0%| F|  |TAMS 0x000000008f000000, 0x000000008f000000| Untracked 
|  93|0x000000008f100000, 0x000000008f100000, 0x000000008f200000|  0%| F|  |TAMS 0x000000008f100000, 0x000000008f100000| Untracked 
|  94|0x000000008f200000, 0x000000008f200000, 0x000000008f300000|  0%| F|  |TAMS 0x000000008f200000, 0x000000008f200000| Untracked 
|  95|0x000000008f300000, 0x000000008f300000, 0x000000008f400000|  0%| F|  |TAMS 0x000000008f300000, 0x000000008f300000| Untracked 
|  96|0x000000008f400000, 0x000000008f400000, 0x000000008f500000|  0%| F|  |TAMS 0x000000008f400000, 0x000000008f400000| Untracked 
|  97|0x000000008f500000, 0x000000008f500000, 0x000000008f600000|  0%| F|  |TAMS 0x000000008f500000, 0x000000008f500000| Untracked 
|  98|0x000000008f600000, 0x000000008f600000, 0x000000008f700000|  0%| F|  |TAMS 0x000000008f600000, 0x000000008f600000| Untracked 
|  99|0x000000008f700000, 0x000000008f700000, 0x000000008f800000|  0%| F|  |TAMS 0x000000008f700000, 0x000000008f700000| Untracked 
| 100|0x000000008f800000, 0x000000008f800000, 0x000000008f900000|  0%| F|  |TAMS 0x000000008f800000, 0x000000008f800000| Untracked 
| 101|0x000000008f900000, 0x000000008f900000, 0x000000008fa00000|  0%| F|  |TAMS 0x000000008f900000, 0x000000008f900000| Untracked 
| 102|0x000000008fa00000, 0x000000008fa00000, 0x000000008fb00000|  0%| F|  |TAMS 0x000000008fa00000, 0x000000008fa00000| Untracked 
| 103|0x000000008fb00000, 0x000000008fb00000, 0x000000008fc00000|  0%| F|  |TAMS 0x000000008fb00000, 0x000000008fb00000| Untracked 
| 104|0x000000008fc00000, 0x000000008fcee140, 0x000000008fd00000| 92%| E|  |TAMS 0x000000008fc00000, 0x000000008fc00000| Complete 
| 105|0x000000008fd00000, 0x000000008fe00000, 0x000000008fe00000|100%| E|CS|TAMS 0x000000008fd00000, 0x000000008fd00000| Complete 
| 106|0x000000008fe00000, 0x000000008ff00000, 0x000000008ff00000|100%| E|CS|TAMS 0x000000008fe00000, 0x000000008fe00000| Complete 
| 107|0x000000008ff00000, 0x0000000090000000, 0x0000000090000000|100%| E|CS|TAMS 0x000000008ff00000, 0x000000008ff00000| Complete 
| 108|0x0000000090000000, 0x0000000090100000, 0x0000000090100000|100%| E|CS|TAMS 0x0000000090000000, 0x0000000090000000| Complete 
| 109|0x0000000090100000, 0x0000000090200000, 0x0000000090200000|100%| E|CS|TAMS 0x0000000090100000, 0x0000000090100000| Complete 
| 110|0x0000000090200000, 0x0000000090300000, 0x0000000090300000|100%| E|CS|TAMS 0x0000000090200000, 0x0000000090200000| Complete 
| 111|0x0000000090300000, 0x0000000090400000, 0x0000000090400000|100%| E|CS|TAMS 0x0000000090300000, 0x0000000090300000| Complete 
| 112|0x0000000090400000, 0x0000000090500000, 0x0000000090500000|100%| E|CS|TAMS 0x0000000090400000, 0x0000000090400000| Complete 
| 113|0x0000000090500000, 0x0000000090600000, 0x0000000090600000|100%| E|CS|TAMS 0x0000000090500000, 0x0000000090500000| Complete 
| 114|0x0000000090600000, 0x0000000090700000, 0x0000000090700000|100%| E|CS|TAMS 0x0000000090600000, 0x0000000090600000| Complete 
| 115|0x0000000090700000, 0x0000000090800000, 0x0000000090800000|100%| E|CS|TAMS 0x0000000090700000, 0x0000000090700000| Complete 
| 116|0x0000000090800000, 0x0000000090900000, 0x0000000090900000|100%| E|CS|TAMS 0x0000000090800000, 0x0000000090800000| Complete 
| 117|0x0000000090900000, 0x00000000909ffa60, 0x0000000090a00000| 99%| E|  |TAMS 0x0000000090900000, 0x0000000090900000| Complete 
| 118|0x0000000090a00000, 0x0000000090b00000, 0x0000000090b00000|100%| E|CS|TAMS 0x0000000090a00000, 0x0000000090a00000| Complete 
| 119|0x0000000090b00000, 0x0000000090c00000, 0x0000000090c00000|100%| E|CS|TAMS 0x0000000090b00000, 0x0000000090b00000| Complete 

Card table byte_map: [0x0000024e7d7d0000,0x0000024e7db90000] _byte_map_base: 0x0000024e7d386000

Marking Bits (Prev, Next): (CMBitMap*) 0x0000024e7ce6fef0, (CMBitMap*) 0x0000024e7ce6ff30
 Prev Bits: [0x0000024e7df50000, 0x0000024e7fd00000)
 Next Bits: [0x0000024e16a60000, 0x0000024e18810000)

Polling page: 0x0000024e7a390000

Metaspace:

Usage:
  Non-class:      4.76 MB used.
      Class:    603.60 KB used.
       Both:      5.35 MB used.

Virtual space:
  Non-class space:       64.00 MB reserved,       4.81 MB (  8%) committed,  1 nodes.
      Class space:        1.00 GB reserved,     704.00 KB ( <1%) committed,  1 nodes.
             Both:        1.06 GB reserved,       5.50 MB ( <1%) committed. 

Chunk freelists:
   Non-Class:  8.84 MB
       Class:  15.30 MB
        Both:  24.14 MB

MaxMetaspaceSize: unlimited
CompressedClassSpaceSize: 1.00 GB
Initial GC threshold: 21.00 MB
Current GC threshold: 21.00 MB
CDS: on
MetaspaceReclaimPolicy: balanced
 - commit_granule_bytes: 65536.
 - commit_granule_words: 8192.
 - virtual_space_node_default_size: 8388608.
 - enlarge_chunks_in_place: 1.
 - new_chunks_are_fully_committed: 0.
 - uncommit_free_chunks: 1.
 - use_allocation_guard: 0.
 - handle_deallocations: 1.


Internal statistics:

num_allocs_failed_limit: 0.
num_arena_births: 20.
num_arena_deaths: 0.
num_vsnodes_births: 2.
num_vsnodes_deaths: 0.
num_space_committed: 88.
num_space_uncommitted: 0.
num_chunks_returned_to_freelist: 0.
num_chunks_taken_from_freelist: 166.
num_chunk_merges: 0.
num_chunk_splits: 126.
num_chunks_enlarged: 111.
num_inconsistent_stats: 0.

CodeHeap 'non-profiled nmethods': size=120000Kb used=187Kb max_used=187Kb free=119812Kb
 bounds [0x0000024e0f530000, 0x0000024e0f7a0000, 0x0000024e16a60000]
CodeHeap 'profiled nmethods': size=120000Kb used=1353Kb max_used=1353Kb free=118646Kb
 bounds [0x0000024e07a60000, 0x0000024e07cd0000, 0x0000024e0ef90000]
CodeHeap 'non-nmethods': size=5760Kb used=1146Kb max_used=1160Kb free=4613Kb
 bounds [0x0000024e0ef90000, 0x0000024e0f200000, 0x0000024e0f530000]
 total_blobs=1165 nmethods=731 adapters=347
 compilation: enabled
              stopped_count=0, restarted_count=0
 full_count=0

Compilation events (20 events):
Event: 1.018 Thread 0x0000024e1b3d0c10  607   !   4       jdk.internal.loader.URLClassPath$JarLoader::ensureOpen (36 bytes)
Event: 1.019 Thread 0x0000024e1b3d0c10 nmethod 607 0x0000024e0f55cb10 code [0x0000024e0f55ccc0, 0x0000024e0f55ce18]
Event: 1.019 Thread 0x0000024e1b3d0c10  620  s!   4       jdk.internal.loader.URLClassPath::getLoader (194 bytes)
Event: 1.021 Thread 0x0000024e1b1820a0  623   !   3       jdk.internal.loader.URLClassPath$JarLoader::checkResource (78 bytes)
Event: 1.022 Thread 0x0000024e1b1820a0 nmethod 623 0x0000024e07b6e890 code [0x0000024e07b6eae0, 0x0000024e07b6f508]
Event: 1.022 Thread 0x0000024e1b1820a0  626       3       java.util.jar.JarFile::maybeInstantiateVerifier (42 bytes)
Event: 1.022 Thread 0x0000024e1b1820a0 nmethod 626 0x0000024e07b6f990 code [0x0000024e07b6fb60, 0x0000024e07b6fed8]
Event: 1.022 Thread 0x0000024e1b1820a0  624       3       jdk.internal.loader.URLClassPath$JarLoader$2::<init> (31 bytes)
Event: 1.022 Thread 0x0000024e1b1820a0 nmethod 624 0x0000024e07b70010 code [0x0000024e07b701c0, 0x0000024e07b70538]
Event: 1.022 Thread 0x0000024e1b1820a0  625       3       jdk.internal.loader.Resource::<init> (5 bytes)
Event: 1.022 Thread 0x0000024e1b1820a0 nmethod 625 0x0000024e07b70610 code [0x0000024e07b707a0, 0x0000024e07b708f8]
Event: 1.025 Thread 0x0000024e1b1820a0  628   !   3       jdk.internal.loader.Resource::getBytes (244 bytes)
Event: 1.026 Thread 0x0000024e1b1820a0 nmethod 628 0x0000024e07b70990 code [0x0000024e07b70ca0, 0x0000024e07b721d8]
Event: 1.027 Thread 0x0000024e1b6db9b0  627   !   4       java.util.zip.ZipFile$Source::getEntryPos (173 bytes)
Event: 1.029 Thread 0x0000024e1b1820a0  629  s    3       java.util.jar.JarFile::getInputStream (72 bytes)
Event: 1.030 Thread 0x0000024e1b1820a0 nmethod 629 0x0000024e07b72b90 code [0x0000024e07b72dc0, 0x0000024e07b73318]
Event: 1.031 Thread 0x0000024e1b1820a0  630       3       jdk.internal.loader.URLClassPath$JarLoader$2::getInputStream (15 bytes)
Event: 1.031 Thread 0x0000024e1b1820a0 nmethod 630 0x0000024e07b73510 code [0x0000024e07b736c0, 0x0000024e07b738a8]
Event: 1.032 Thread 0x0000024e1b1820a0  631       3       java.security.CodeSource::getCertificates (98 bytes)
Event: 1.033 Thread 0x0000024e1b1820a0 nmethod 631 0x0000024e07b73990 code [0x0000024e07b73c00, 0x0000024e07b74998]

GC Heap History (0 events):
No events

Dll operation events (6 events):
Event: 0.018 Loaded shared library D:\Unity Hub\Editor\6000.0.24f1\Editor\Data\PlaybackEngines\AndroidPlayer\OpenJDK\bin\java.dll
Event: 0.044 Loaded shared library D:\Unity Hub\Editor\6000.0.24f1\Editor\Data\PlaybackEngines\AndroidPlayer\OpenJDK\bin\jsvml.dll
Event: 0.134 Loaded shared library D:\Unity Hub\Editor\6000.0.24f1\Editor\Data\PlaybackEngines\AndroidPlayer\OpenJDK\bin\net.dll
Event: 0.144 Loaded shared library D:\Unity Hub\Editor\6000.0.24f1\Editor\Data\PlaybackEngines\AndroidPlayer\OpenJDK\bin\nio.dll
Event: 0.161 Loaded shared library D:\Unity Hub\Editor\6000.0.24f1\Editor\Data\PlaybackEngines\AndroidPlayer\OpenJDK\bin\zip.dll
Event: 0.887 Loaded shared library D:\Unity Hub\Editor\6000.0.24f1\Editor\Data\PlaybackEngines\AndroidPlayer\OpenJDK\bin\jimage.dll

Deoptimization events (12 events):
Event: 0.228 Thread 0x0000024e7ce15fc0 DEOPT PACKING pc=0x0000024e07a7be8c sp=0x000000892c5fa160
Event: 0.228 Thread 0x0000024e7ce15fc0 DEOPT UNPACKING pc=0x0000024e0efe7143 sp=0x000000892c5f95f0 mode 0
Event: 0.485 Thread 0x0000024e7ce15fc0 DEOPT PACKING pc=0x0000024e07a75267 sp=0x000000892c5fddd0
Event: 0.485 Thread 0x0000024e7ce15fc0 DEOPT UNPACKING pc=0x0000024e0efe7143 sp=0x000000892c5fd1f0 mode 0
Event: 0.496 Thread 0x0000024e7ce15fc0 DEOPT PACKING pc=0x0000024e07a741d1 sp=0x000000892c5f14c0
Event: 0.496 Thread 0x0000024e7ce15fc0 DEOPT UNPACKING pc=0x0000024e0efe7143 sp=0x000000892c5f0938 mode 0
Event: 0.605 Thread 0x0000024e7ce15fc0 DEOPT PACKING pc=0x0000024e07a96204 sp=0x000000892c5fd450
Event: 0.605 Thread 0x0000024e7ce15fc0 DEOPT UNPACKING pc=0x0000024e0efe7143 sp=0x000000892c5fc910 mode 1
Event: 0.992 Thread 0x0000024e7ce15fc0 Uncommon trap: trap_request=0xffffff45 fr.pc=0x0000024e0f53c164 relative=0x0000000000000064
Event: 0.992 Thread 0x0000024e7ce15fc0 Uncommon trap: reason=unstable_if action=reinterpret pc=0x0000024e0f53c164 method=java.io.WinNTFileSystem.isSlash(C)Z @ 9 c2
Event: 0.992 Thread 0x0000024e7ce15fc0 DEOPT PACKING pc=0x0000024e0f53c164 sp=0x000000892c5fdff0
Event: 0.992 Thread 0x0000024e7ce15fc0 DEOPT UNPACKING pc=0x0000024e0efe69a3 sp=0x000000892c5fdf78 mode 2

Classes unloaded (0 events):
No events

Classes redefined (0 events):
No events

Internal exceptions (20 events):
Event: 0.921 Thread 0x0000024e7ce15fc0 Exception <a 'sun/nio/fs/WindowsException'{0x0000000090042460}> (0x0000000090042460) 
thrown [s\src\hotspot\share\prims\jni.cpp, line 516]
Event: 0.921 Thread 0x0000024e7ce15fc0 Exception <a 'sun/nio/fs/WindowsException'{0x00000000900427f0}> (0x00000000900427f0) 
thrown [s\src\hotspot\share\prims\jni.cpp, line 516]
Event: 0.921 Thread 0x0000024e7ce15fc0 Exception <a 'sun/nio/fs/WindowsException'{0x0000000090043748}> (0x0000000090043748) 
thrown [s\src\hotspot\share\prims\jni.cpp, line 516]
Event: 0.921 Thread 0x0000024e7ce15fc0 Exception <a 'sun/nio/fs/WindowsException'{0x0000000090043b00}> (0x0000000090043b00) 
thrown [s\src\hotspot\share\prims\jni.cpp, line 516]
Event: 0.938 Thread 0x0000024e7ce15fc0 Exception <a 'sun/nio/fs/WindowsException'{0x0000000090047518}> (0x0000000090047518) 
thrown [s\src\hotspot\share\prims\jni.cpp, line 516]
Event: 0.939 Thread 0x0000024e7ce15fc0 Exception <a 'sun/nio/fs/WindowsException'{0x0000000090047888}> (0x0000000090047888) 
thrown [s\src\hotspot\share\prims\jni.cpp, line 516]
Event: 0.939 Thread 0x0000024e7ce15fc0 Exception <a 'sun/nio/fs/WindowsException'{0x00000000900487b8}> (0x00000000900487b8) 
thrown [s\src\hotspot\share\prims\jni.cpp, line 516]
Event: 0.939 Thread 0x0000024e7ce15fc0 Exception <a 'sun/nio/fs/WindowsException'{0x0000000090048b48}> (0x0000000090048b48) 
thrown [s\src\hotspot\share\prims\jni.cpp, line 516]
Event: 0.940 Thread 0x0000024e7ce15fc0 Exception <a 'sun/nio/fs/WindowsException'{0x000000009004a6a0}> (0x000000009004a6a0) 
thrown [s\src\hotspot\share\prims\jni.cpp, line 516]
Event: 0.940 Thread 0x0000024e7ce15fc0 Exception <a 'sun/nio/fs/WindowsException'{0x000000009004aa30}> (0x000000009004aa30) 
thrown [s\src\hotspot\share\prims\jni.cpp, line 516]
Event: 0.942 Thread 0x0000024e7ce15fc0 Exception <a 'sun/nio/fs/WindowsException'{0x000000009004c4c8}> (0x000000009004c4c8) 
thrown [s\src\hotspot\share\prims\jni.cpp, line 516]
Event: 0.942 Thread 0x0000024e7ce15fc0 Exception <a 'sun/nio/fs/WindowsException'{0x000000009004c868}> (0x000000009004c868) 
thrown [s\src\hotspot\share\prims\jni.cpp, line 516]
Event: 0.942 Thread 0x0000024e7ce15fc0 Exception <a 'sun/nio/fs/WindowsException'{0x000000009004d7c8}> (0x000000009004d7c8) 
thrown [s\src\hotspot\share\prims\jni.cpp, line 516]
Event: 0.942 Thread 0x0000024e7ce15fc0 Exception <a 'sun/nio/fs/WindowsException'{0x000000009004db88}> (0x000000009004db88) 
thrown [s\src\hotspot\share\prims\jni.cpp, line 516]
Event: 0.942 Thread 0x0000024e7ce15fc0 Exception <a 'sun/nio/fs/WindowsException'{0x000000009004f770}> (0x000000009004f770) 
thrown [s\src\hotspot\share\prims\jni.cpp, line 516]
Event: 0.943 Thread 0x0000024e7ce15fc0 Exception <a 'sun/nio/fs/WindowsException'{0x000000009004fb28}> (0x000000009004fb28) 
thrown [s\src\hotspot\share\prims\jni.cpp, line 516]
Event: 0.947 Thread 0x0000024e7ce15fc0 Exception <a 'sun/nio/fs/WindowsException'{0x00000000900520f8}> (0x00000000900520f8) 
thrown [s\src\hotspot\share\prims\jni.cpp, line 516]
Event: 0.947 Thread 0x0000024e7ce15fc0 Exception <a 'sun/nio/fs/WindowsException'{0x0000000090052480}> (0x0000000090052480) 
thrown [s\src\hotspot\share\prims\jni.cpp, line 516]
Event: 0.947 Thread 0x0000024e7ce15fc0 Exception <a 'sun/nio/fs/WindowsException'{0x00000000900533c8}> (0x00000000900533c8) 
thrown [s\src\hotspot\share\prims\jni.cpp, line 516]
Event: 0.948 Thread 0x0000024e7ce15fc0 Exception <a 'sun/nio/fs/WindowsException'{0x0000000090053778}> (0x0000000090053778) 
thrown [s\src\hotspot\share\prims\jni.cpp, line 516]

VM Operations (10 events):
Event: 0.149 Executing VM operation: HandshakeAllThreads
Event: 0.150 Executing VM operation: HandshakeAllThreads done
Event: 0.484 Executing VM operation: HandshakeAllThreads
Event: 0.484 Executing VM operation: HandshakeAllThreads done
Event: 0.604 Executing VM operation: HandshakeAllThreads
Event: 0.604 Executing VM operation: HandshakeAllThreads done
Event: 0.992 Executing VM operation: HandshakeAllThreads
Event: 0.992 Executing VM operation: HandshakeAllThreads done
Event: 1.002 Executing VM operation: HandshakeAllThreads
Event: 1.002 Executing VM operation: HandshakeAllThreads done

Events (20 events):
Event: 0.993 loading class sun/net/www/protocol/jar/JarURLConnection$JarURLInputStream done
Event: 0.993 loading class java/io/BufferedReader
Event: 0.994 loading class java/io/BufferedReader done
Event: 0.994 loading class sun/nio/cs/StreamDecoder
Event: 0.995 loading class sun/nio/cs/StreamDecoder done
Event: 0.995 loading class sun/security/util/ManifestEntryVerifier
Event: 0.996 loading class sun/security/util/ManifestEntryVerifier done
Event: 1.006 loading class java/lang/StackTraceElement$HashedModules
Event: 1.006 loading class java/lang/StackTraceElement$HashedModules done
Event: 1.010 loading class java/lang/IllegalAccessError
Event: 1.010 loading class java/lang/IllegalAccessError done
Event: 1.019 loading class javax/xml/transform/TransformerConfigurationException
Event: 1.019 loading class javax/xml/transform/TransformerException
Event: 1.020 loading class javax/xml/transform/TransformerException done
Event: 1.020 loading class javax/xml/transform/TransformerConfigurationException done
Event: 1.023 loading class org/xml/sax/SAXParseException
Event: 1.023 loading class org/xml/sax/SAXParseException done
Event: 1.023 loading class javax/xml/parsers/FactoryConfigurationError
Event: 1.024 loading class javax/xml/parsers/FactoryConfigurationError done
Event: 1.027 Thread 0x0000024e1b6db9b0 Thread added: 0x0000024e1b6db9b0


Dynamic libraries:
0x00007ff6dcb70000 - 0x00007ff6dcb7e000 	D:\Unity Hub\Editor\6000.0.24f1\Editor\Data\PlaybackEngines\AndroidPlayer\OpenJDK\bin\java.exe
0x00007fff94840000 - 0x00007fff94aa0000 	C:\WINDOWS\SYSTEM32\ntdll.dll
0x00007fff93630000 - 0x00007fff936f7000 	C:\WINDOWS\System32\KERNEL32.DLL
0x00007fff91ae0000 - 0x00007fff91eaa000 	C:\WINDOWS\System32\KERNELBASE.dll
0x00007fff57e50000 - 0x00007fff57f2c000 	C:\Program Files\Bitdefender\Bitdefender Security\bdhkm\dlls_267531796325691489\bdhkm64.dll
0x00007fff57c80000 - 0x00007fff57e45000 	C:\Program Files\Bitdefender\Bitdefender Security\atcuf\dlls_267680395885779321\atcuf64.dll
0x00007fff920d0000 - 0x00007fff9221b000 	C:\WINDOWS\System32\ucrtbase.dll
0x00007fff05610000 - 0x00007fff05627000 	D:\Unity Hub\Editor\6000.0.24f1\Editor\Data\PlaybackEngines\AndroidPlayer\OpenJDK\bin\jli.dll
0x00007fff943b0000 - 0x00007fff9457c000 	C:\WINDOWS\System32\USER32.dll
0x00007fff920a0000 - 0x00007fff920c7000 	C:\WINDOWS\System32\win32u.dll
0x00007fff94100000 - 0x00007fff9412a000 	C:\WINDOWS\System32\GDI32.dll
0x00007fff91f60000 - 0x00007fff92091000 	C:\WINDOWS\System32\gdi32full.dll
0x00007fff91eb0000 - 0x00007fff91f53000 	C:\WINDOWS\System32\msvcp_win.dll
0x00007ffef4da0000 - 0x00007ffef4dbb000 	D:\Unity Hub\Editor\6000.0.24f1\Editor\Data\PlaybackEngines\AndroidPlayer\OpenJDK\bin\VCRUNTIME140.dll
0x00007fff77ec0000 - 0x00007fff78157000 	C:\WINDOWS\WinSxS\amd64_microsoft.windows.common-controls_6595b64144ccf1df_6.0.26100.3624_none_3e086962e3345f24\COMCTL32.dll
0x00007fff94220000 - 0x00007fff942c9000 	C:\WINDOWS\System32\msvcrt.dll
0x00007fff93490000 - 0x00007fff934bf000 	C:\WINDOWS\System32\IMM32.DLL
0x00007fff686d0000 - 0x00007fff686dc000 	D:\Unity Hub\Editor\6000.0.24f1\Editor\Data\PlaybackEngines\AndroidPlayer\OpenJDK\bin\vcruntime140_1.dll
0x00007ffee1c80000 - 0x00007ffee1d0d000 	D:\Unity Hub\Editor\6000.0.24f1\Editor\Data\PlaybackEngines\AndroidPlayer\OpenJDK\bin\msvcp140.dll
0x00007ffe9ed10000 - 0x00007ffe9f971000 	D:\Unity Hub\Editor\6000.0.24f1\Editor\Data\PlaybackEngines\AndroidPlayer\OpenJDK\bin\server\jvm.dll
0x00007fff93570000 - 0x00007fff93622000 	C:\WINDOWS\System32\ADVAPI32.dll
0x00007fff92640000 - 0x00007fff926e6000 	C:\WINDOWS\System32\sechost.dll
0x00007fff94580000 - 0x00007fff94696000 	C:\WINDOWS\System32\RPCRT4.dll
0x00007fff91870000 - 0x00007fff918ce000 	C:\WINDOWS\SYSTEM32\POWRPROF.dll
0x00007fff3c940000 - 0x00007fff3c94a000 	C:\WINDOWS\SYSTEM32\WSOCK32.dll
0x00007fff93700000 - 0x00007fff93774000 	C:\WINDOWS\System32\WS2_32.dll
0x00007fff8acf0000 - 0x00007fff8ad26000 	C:\WINDOWS\SYSTEM32\WINMM.dll
0x00007fff8ad30000 - 0x00007fff8ad3b000 	C:\WINDOWS\SYSTEM32\VERSION.dll
0x00007fff91850000 - 0x00007fff91864000 	C:\WINDOWS\SYSTEM32\UMPDC.dll
0x00007fff907f0000 - 0x00007fff9080a000 	C:\WINDOWS\SYSTEM32\kernel.appcore.dll
0x00007fff5d6b0000 - 0x00007fff5d6ba000 	D:\Unity Hub\Editor\6000.0.24f1\Editor\Data\PlaybackEngines\AndroidPlayer\OpenJDK\bin\jimage.dll
0x00007fff8ee50000 - 0x00007fff8f091000 	C:\WINDOWS\SYSTEM32\DBGHELP.DLL
0x00007fff93b80000 - 0x00007fff93f02000 	C:\WINDOWS\System32\combase.dll
0x00007fff926f0000 - 0x00007fff927c6000 	C:\WINDOWS\System32\OLEAUT32.dll
0x00007fff6d570000 - 0x00007fff6d5a9000 	C:\WINDOWS\SYSTEM32\dbgcore.DLL
0x00007fff925a0000 - 0x00007fff92639000 	C:\WINDOWS\System32\bcryptPrimitives.dll
0x00007ffeed340000 - 0x00007ffeed365000 	D:\Unity Hub\Editor\6000.0.24f1\Editor\Data\PlaybackEngines\AndroidPlayer\OpenJDK\bin\java.dll
0x00007ffedfde0000 - 0x00007ffedfeb7000 	D:\Unity Hub\Editor\6000.0.24f1\Editor\Data\PlaybackEngines\AndroidPlayer\OpenJDK\bin\jsvml.dll
0x00007fff927d0000 - 0x00007fff92ef9000 	C:\WINDOWS\System32\SHELL32.dll
0x00007fff92430000 - 0x00007fff92598000 	C:\WINDOWS\System32\wintypes.dll
0x00007fff8f6a0000 - 0x00007fff8fef2000 	C:\WINDOWS\SYSTEM32\windows.storage.dll
0x00007fff94130000 - 0x00007fff9421d000 	C:\WINDOWS\System32\SHCORE.dll
0x00007fff93500000 - 0x00007fff93564000 	C:\WINDOWS\System32\shlwapi.dll
0x00007fff91930000 - 0x00007fff9195f000 	C:\WINDOWS\SYSTEM32\profapi.dll
0x00007ffef0f40000 - 0x00007ffef0f59000 	D:\Unity Hub\Editor\6000.0.24f1\Editor\Data\PlaybackEngines\AndroidPlayer\OpenJDK\bin\net.dll
0x00007fff881b0000 - 0x00007fff882cd000 	C:\WINDOWS\SYSTEM32\WINHTTP.dll
0x00007fff90cf0000 - 0x00007fff90d5a000 	C:\WINDOWS\system32\mswsock.dll
0x00007ffeee360000 - 0x00007ffeee376000 	D:\Unity Hub\Editor\6000.0.24f1\Editor\Data\PlaybackEngines\AndroidPlayer\OpenJDK\bin\nio.dll
0x00007ffeed320000 - 0x00007ffeed338000 	D:\Unity Hub\Editor\6000.0.24f1\Editor\Data\PlaybackEngines\AndroidPlayer\OpenJDK\bin\zip.dll

dbghelp: loaded successfully - version: 4.0.5 - missing functions: none
symbol engine: initialized successfully - sym options: 0x614 - pdb path: .;D:\Unity Hub\Editor\6000.0.24f1\Editor\Data\PlaybackEngines\AndroidPlayer\OpenJDK\bin;C:\WINDOWS\SYSTEM32;C:\Program Files\Bitdefender\Bitdefender Security\bdhkm\dlls_267531796325691489;C:\Program Files\Bitdefender\Bitdefender Security\atcuf\dlls_267680395885779321;C:\WINDOWS\WinSxS\amd64_microsoft.windows.common-controls_6595b64144ccf1df_6.0.26100.3624_none_3e086962e3345f24;D:\Unity Hub\Editor\6000.0.24f1\Editor\Data\PlaybackEngines\AndroidPlayer\OpenJDK\bin\server

VM Arguments:
jvm_args: -Dcom.android.sdkmanager.toolsdir=D:\Unity Hub\Editor\6000.0.24f1\Editor\Data\PlaybackEngines\AndroidPlayer\SDK\cmdline-tools\6.0\bin\\.. 
java_command: com.android.sdklib.tool.AvdManagerCli list target -c
java_class_path (initial): D:\Unity Hub\Editor\6000.0.24f1\Editor\Data\PlaybackEngines\AndroidPlayer\SDK\cmdline-tools\6.0\bin\..\lib\avdmanager-classpath.jar
Launcher Type: SUN_STANDARD

[Global flags]
     intx CICompilerCount                          = 4                                         {product} {ergonomic}
     uint ConcGCThreads                            = 3                                         {product} {ergonomic}
     uint G1ConcRefinementThreads                  = 10                                        {product} {ergonomic}
   size_t G1HeapRegionSize                         = 1048576                                   {product} {ergonomic}
    uintx GCDrainStackTargetSize                   = 64                                        {product} {ergonomic}
   size_t InitialHeapSize                          = 125829120                                 {product} {ergonomic}
   size_t MarkStackSize                            = 4194304                                   {product} {ergonomic}
   size_t MaxHeapSize                              = 1992294400                                {product} {ergonomic}
   size_t MaxNewSize                               = 1195376640                                {product} {ergonomic}
   size_t MinHeapDeltaBytes                        = 1048576                                   {product} {ergonomic}
   size_t MinHeapSize                              = 8388608                                   {product} {ergonomic}
    uintx NonNMethodCodeHeapSize                   = 5839372                                {pd product} {ergonomic}
    uintx NonProfiledCodeHeapSize                  = 122909434                              {pd product} {ergonomic}
    uintx ProfiledCodeHeapSize                     = 122909434                              {pd product} {ergonomic}
    uintx ReservedCodeCacheSize                    = 251658240                              {pd product} {ergonomic}
     bool SegmentedCodeCache                       = true                                      {product} {ergonomic}
   size_t SoftMaxHeapSize                          = 1992294400                             {manageable} {ergonomic}
     bool UseCompressedClassPointers               = true                           {product lp64_product} {ergonomic}
     bool UseCompressedOops                        = true                           {product lp64_product} {ergonomic}
     bool UseG1GC                                  = true                                      {product} {ergonomic}
     bool UseLargePagesIndividualAllocation        = false                                  {pd product} {ergonomic}

Logging:
Log output configuration:
 #0: stdout all=warning uptime,level,tags
 #1: stderr all=off uptime,level,tags

Environment Variables:
JAVA_HOME=D:\Unity Hub\Editor\6000.0.24f1\Editor\Data\PlaybackEngines\AndroidPlayer\OpenJDK
CLASSPATH=D:\Unity Hub\Editor\6000.0.24f1\Editor\Data\PlaybackEngines\AndroidPlayer\SDK\cmdline-tools\6.0\bin\..\lib\avdmanager-classpath.jar
PATH=C:\Program Files\Eclipse Adoptium\jdk-17.0.8.7-hotspot\bin;C:\Program Files\Eclipse Adoptium\jre-17.0.8.7-hotspot\bin;C:\Windows\system32;C:\Windows;C:\Windows\System32\Wbem;C:\Windows\System32\WindowsPowerShell\v1.0\;C:\Windows\System32\OpenSSH\;C:\Program Files\Microsoft VS Code\bin;C:\Program Files\dotnet\;C:\Program Files (x86)\NVIDIA Corporation\PhysX\Common;C:\Program Files\nodejs\;C:\ProgramData\chocolatey\bin;C:\Program Files\Git\cmd;C:\WINDOWS\system32;C:\WINDOWS;C:\WINDOWS\System32\Wbem;C:\WINDOWS\System32\WindowsPowerShell\v1.0\;C:\WINDOWS\System32\OpenSSH\;C:\Program Files\NVIDIA Corporation\NVIDIA app\NvDLISR;C:\Program Files\Cloudflare\Cloudflare WARP\;C:\Users\furka\AppData\Local\Programs\Python\Python313\Scripts\;C:\Users\furka\AppData\Local\Programs\Python\Python313\;C:\Users\furka\AppData\Local\Microsoft\WindowsApps;C:\Users\furka\AppData\Local\GitHubDesktop\bin;C:\Users\furka\AppData\Local\Programs\Python\Python311\Scripts;C:\Users\furka\.dotnet\tools;C:\Users\furka\AppData\Roaming\npm;D:\Programs\Anaconda3;D:\Programs\Anaconda3\Library\bin;D:\Programs\Anaconda3\Scripts;
USERNAME=furka
OS=Windows_NT
PROCESSOR_IDENTIFIER=AMD64 Family 23 Model 96 Stepping 1, AuthenticAMD
TMP=C:\Users\furka\AppData\Local\Temp
TEMP=C:\Users\furka\AppData\Local\Temp



Periodic native trim disabled


---------------  S Y S T E M  ---------------

OS:
 Windows 11 , 64 bit Build 26100 (10.0.26100.3775)
OS uptime: 0 days 5:39 hours
Hyper-V role detected

CPU: total 12 (initial active 12) (12 cores per cpu, 2 threads per core) family 23 model 96 stepping 1 microcode 0x8600104, cx8, cmov, fxsr, ht, mmx, 3dnowpref, sse, sse2, sse3, ssse3, sse4a, sse4.1, sse4.2, popcnt, lzcnt, tsc, tscinvbit, avx, avx2, aes, clmul, bmi1, bmi2, adx, sha, fma, vzeroupper, clflush, clflushopt, hv
Processor Information for all 12 processors :
  Max Mhz: 3000, Current Mhz: 3000, Mhz Limit: 3000

Memory: 4k page, system-wide physical 7599M (547M free)
TotalPageFile size 21647M (AvailPageFile size 3M)
current process WorkingSet (physical memory assigned to process): 69M, peak: 69M
current process commit charge ("private bytes"): 221M, peak: 221M

vm_info: OpenJDK 64-Bit Server VM (17.0.9+9) for windows-amd64 JRE (17.0.9+9), built on Oct 26 2023 14:01:42 by "admin" with MS VC++ 16.10 / 16.11 (VS2019)

END.
